<?xml version="1.0" encoding="UTF-8"?>
<robot generator="Robot 7.0 (Python 3.10.13 on darwin)" generated="2024-03-28T16:45:24.156887" rpa="false" schemaversion="5">
<suite id="s1" name="Tests" source="/Users/angie/Desktop/Minidesktop/Automation/SauceDemo/Tests">
<suite id="s1-s1" name="SauceDemo HappyPath" source="/Users/angie/Desktop/Minidesktop/Automation/SauceDemo/Tests/SauceDemo_HappyPath.robot">
<test id="s1-s1-t1" name="open browser and verify site loads" line="12">
<kw name="Open Browser" owner="SeleniumLibrary">
<msg time="2024-03-28T16:45:24.305756" level="INFO">Opening browser 'firefox' to base url 'None'.</msg>
<doc>Opens a new browser instance to the optional ``url``.</doc>
<status status="PASS" start="2024-03-28T16:45:24.305663" elapsed="1.690980"/>
</kw>
<kw name="Go To" owner="SeleniumLibrary">
<msg time="2024-03-28T16:45:25.997050" level="INFO">Opening url 'https://www.saucedemo.com/'</msg>
<arg>https://www.saucedemo.com/</arg>
<doc>Navigates the current browser window to the provided ``url``.</doc>
<status status="PASS" start="2024-03-28T16:45:25.996925" elapsed="2.239192"/>
</kw>
<kw name="And user maximises browser" owner="Keywords">
<kw name="Maximize Browser Window" owner="SeleniumLibrary">
<doc>Maximizes current browser window.</doc>
<status status="PASS" start="2024-03-28T16:45:28.237588" elapsed="0.514231"/>
</kw>
<status status="PASS" start="2024-03-28T16:45:28.237003" elapsed="0.514957"/>
</kw>
<kw name="And User Verifies Site Loads" owner="Keywords">
<kw name="Wait Until Page Contains" owner="SeleniumLibrary">
<arg>Swag Labs</arg>
<arg>8s</arg>
<doc>Waits until ``text`` appears on the current page.</doc>
<status status="PASS" start="2024-03-28T16:45:28.752463" elapsed="0.009380"/>
</kw>
<status status="PASS" start="2024-03-28T16:45:28.752227" elapsed="0.009732"/>
</kw>
<status status="PASS" start="2024-03-28T16:45:24.305174" elapsed="4.456949"/>
</test>
<test id="s1-s1-t2" name="user Log in and verifies HomePage" line="17">
<kw name="When User Enters Valid Username &amp; Password" owner="Keywords">
<kw name="Input Text" owner="SeleniumLibrary">
<msg time="2024-03-28T16:45:28.763131" level="INFO">Typing text 'standard_user' into text field 'user-name'.</msg>
<arg>user-name</arg>
<arg>standard_user</arg>
<doc>Types the given ``text`` into the text field identified by ``locator``.</doc>
<status status="PASS" start="2024-03-28T16:45:28.762861" elapsed="0.038023"/>
</kw>
<kw name="Input Text" owner="SeleniumLibrary">
<msg time="2024-03-28T16:45:28.801176" level="INFO">Typing text 'secret_sauce' into text field 'password'.</msg>
<arg>password</arg>
<arg>secret_sauce</arg>
<doc>Types the given ``text`` into the text field identified by ``locator``.</doc>
<status status="PASS" start="2024-03-28T16:45:28.801035" elapsed="0.010952"/>
</kw>
<status status="PASS" start="2024-03-28T16:45:28.762663" elapsed="0.049407"/>
</kw>
<kw name="And User Clicks log in button" owner="Keywords">
<kw name="Click Button" owner="SeleniumLibrary">
<msg time="2024-03-28T16:45:28.812503" level="INFO">Clicking button 'login-button'.</msg>
<arg>login-button</arg>
<doc>Clicks the button identified by ``locator``.</doc>
<status status="PASS" start="2024-03-28T16:45:28.812399" elapsed="0.228599"/>
</kw>
<status status="PASS" start="2024-03-28T16:45:28.812243" elapsed="0.228867"/>
</kw>
<kw name="Then User Verifies SauceDemo Homepage" owner="Keywords">
<kw name="Wait Until Page Contains" owner="SeleniumLibrary">
<arg>Products</arg>
<doc>Waits until ``text`` appears on the current page.</doc>
<status status="PASS" start="2024-03-28T16:45:29.041674" elapsed="0.002587"/>
</kw>
<status status="PASS" start="2024-03-28T16:45:29.041377" elapsed="0.002975"/>
</kw>
<status status="PASS" start="2024-03-28T16:45:28.762338" elapsed="0.282155"/>
</test>
<test id="s1-s1-t3" name="user adds item to cart" line="22">
<kw name="Given user adds product to cart" owner="Keywords">
<kw name="Click Button" owner="SeleniumLibrary">
<msg time="2024-03-28T16:45:29.045250" level="INFO">Clicking button 'add-to-cart-sauce-labs-backpack'.</msg>
<arg>add-to-cart-sauce-labs-backpack</arg>
<doc>Clicks the button identified by ``locator``.</doc>
<status status="PASS" start="2024-03-28T16:45:29.045123" elapsed="0.214540"/>
</kw>
<status status="PASS" start="2024-03-28T16:45:29.044944" elapsed="0.214870"/>
</kw>
<status status="PASS" start="2024-03-28T16:45:29.044651" elapsed="0.215393"/>
</test>
<test id="s1-s1-t4" name="user verifies added product exists in cart" line="25">
<kw name="And verify product in cart" owner="Keywords">
<kw name="Click Link" owner="SeleniumLibrary">
<msg time="2024-03-28T16:45:29.261363" level="INFO">Clicking link '//a[@class='shopping_cart_link']'.</msg>
<arg>//a[@class='shopping_cart_link']</arg>
<doc>Clicks a link identified by ``locator``.</doc>
<status status="PASS" start="2024-03-28T16:45:29.261136" elapsed="0.223497"/>
</kw>
<kw name="Wait Until Page Contains" owner="SeleniumLibrary">
<arg>Your Cart</arg>
<doc>Waits until ``text`` appears on the current page.</doc>
<status status="PASS" start="2024-03-28T16:45:29.485079" elapsed="0.004125"/>
</kw>
<kw name="Wait Until Element Is Visible" owner="SeleniumLibrary">
<arg>//div[@class='inventory_item_name']</arg>
<doc>Waits until the element ``locator`` is visible.</doc>
<status status="PASS" start="2024-03-28T16:45:29.489471" elapsed="0.011185"/>
</kw>
<kw name="Close Browser" owner="SeleniumLibrary">
<doc>Closes the current browser.</doc>
<status status="PASS" start="2024-03-28T16:45:29.500841" elapsed="0.616967"/>
</kw>
<status status="PASS" start="2024-03-28T16:45:29.260835" elapsed="0.857085"/>
</kw>
<status status="PASS" start="2024-03-28T16:45:29.260296" elapsed="0.857832"/>
</test>
<status status="PASS" start="2024-03-28T16:45:24.170937" elapsed="5.947646"/>
</suite>
<suite id="s1-s2" name="UnhappyPath" source="/Users/angie/Desktop/Minidesktop/Automation/SauceDemo/Tests/UnhappyPath.robot">
<test id="s1-s2-t1" name="open browser and verify site loads" line="12">
<kw name="Open Browser" owner="SeleniumLibrary">
<msg time="2024-03-28T16:45:30.121616" level="INFO">Opening browser 'firefox' to base url 'None'.</msg>
<doc>Opens a new browser instance to the optional ``url``.</doc>
<status status="PASS" start="2024-03-28T16:45:30.121499" elapsed="1.590530"/>
</kw>
<kw name="Go To" owner="SeleniumLibrary">
<msg time="2024-03-28T16:45:31.712513" level="INFO">Opening url 'https://www.saucedemo.com/'</msg>
<arg>https://www.saucedemo.com/</arg>
<doc>Navigates the current browser window to the provided ``url``.</doc>
<status status="PASS" start="2024-03-28T16:45:31.712380" elapsed="2.043415"/>
</kw>
<kw name="And user maximises browser" owner="Keywords">
<kw name="Maximize Browser Window" owner="SeleniumLibrary">
<doc>Maximizes current browser window.</doc>
<status status="PASS" start="2024-03-28T16:45:33.756734" elapsed="0.516444"/>
</kw>
<status status="PASS" start="2024-03-28T16:45:33.756345" elapsed="0.516942"/>
</kw>
<kw name="And User Verifies Site Loads" owner="Keywords">
<kw name="Wait Until Page Contains" owner="SeleniumLibrary">
<arg>Swag Labs</arg>
<arg>8s</arg>
<doc>Waits until ``text`` appears on the current page.</doc>
<status status="PASS" start="2024-03-28T16:45:34.273786" elapsed="0.009238"/>
</kw>
<status status="PASS" start="2024-03-28T16:45:34.273554" elapsed="0.009572"/>
</kw>
<status status="PASS" start="2024-03-28T16:45:30.121194" elapsed="4.162086"/>
</test>
<test id="s1-s2-t2" name="user Log in and verifies HomePage" line="17">
<kw name="Given user enters invalid username &amp; password" owner="Keywords">
<kw name="Input Text" owner="SeleniumLibrary">
<msg time="2024-03-28T16:45:34.284122" level="INFO">Typing text 'standard' into text field 'user-name'.</msg>
<arg>user-name</arg>
<arg>standard</arg>
<doc>Types the given ``text`` into the text field identified by ``locator``.</doc>
<status status="PASS" start="2024-03-28T16:45:34.283978" elapsed="0.036222"/>
</kw>
<kw name="Input Text" owner="SeleniumLibrary">
<msg time="2024-03-28T16:45:34.320616" level="INFO">Typing text 'secret_' into text field 'password'.</msg>
<arg>password</arg>
<arg>secret_</arg>
<doc>Types the given ``text`` into the text field identified by ``locator``.</doc>
<status status="PASS" start="2024-03-28T16:45:34.320419" elapsed="0.009067"/>
</kw>
<status status="PASS" start="2024-03-28T16:45:34.283791" elapsed="0.045857"/>
</kw>
<kw name="And user clicks log in button" owner="Keywords">
<kw name="Click Button" owner="SeleniumLibrary">
<msg time="2024-03-28T16:45:34.330082" level="INFO">Clicking button 'login-button'.</msg>
<arg>login-button</arg>
<doc>Clicks the button identified by ``locator``.</doc>
<status status="PASS" start="2024-03-28T16:45:34.329982" elapsed="0.234401"/>
</kw>
<status status="PASS" start="2024-03-28T16:45:34.329827" elapsed="0.234710"/>
</kw>
<kw name="Then user verifies error message exists for invalid log in" owner="Keywords">
<kw name="Wait Until Page Contains" owner="SeleniumLibrary">
<arg>Epic sadface: Username and password do not match any user in this service</arg>
<doc>Waits until ``text`` appears on the current page.</doc>
<status status="PASS" start="2024-03-28T16:45:34.565417" elapsed="0.003861"/>
</kw>
<status status="PASS" start="2024-03-28T16:45:34.565045" elapsed="0.004340"/>
</kw>
<status status="PASS" start="2024-03-28T16:45:34.283476" elapsed="0.286081"/>
</test>
<test id="s1-s2-t3" name="User verifies the closng of browser windows after execution" line="22">
<kw name="And close all browsers" owner="SeleniumLibrary">
<doc>Closes all open browsers and resets the browser cache.</doc>
<status status="PASS" start="2024-03-28T16:45:34.570177" elapsed="0.586414"/>
</kw>
<status status="PASS" start="2024-03-28T16:45:34.569763" elapsed="0.587026"/>
</test>
<status status="PASS" start="2024-03-28T16:45:30.119042" elapsed="5.037988"/>
</suite>
<status status="PASS" start="2024-03-28T16:45:24.158244" elapsed="10.999177"/>
</suite>
<statistics>
<total>
<stat pass="7" fail="0" skip="0">All Tests</stat>
</total>
<tag>
</tag>
<suite>
<stat pass="7" fail="0" skip="0" id="s1" name="Tests">Tests</stat>
<stat pass="4" fail="0" skip="0" id="s1-s1" name="SauceDemo HappyPath">Tests.SauceDemo HappyPath</stat>
<stat pass="3" fail="0" skip="0" id="s1-s2" name="UnhappyPath">Tests.UnhappyPath</stat>
</suite>
</statistics>
<errors>
<msg time="2024-03-28T16:45:24.304879" level="ERROR">Error in file '/Users/angie/Desktop/Minidesktop/Automation/SauceDemo/Resources/PageObjectModel/Keywords.robot' on line 3: Resource file '../Data/Data.robot' does not exist.</msg>
<msg time="2024-03-28T16:45:30.120849" level="ERROR">Error in file '/Users/angie/Desktop/Minidesktop/Automation/SauceDemo/Resources/PageObjectModel/Keywords.robot' on line 3: Resource file '../Data/Data.robot' does not exist.</msg>
</errors>
</robot>
